#
# A fatal error has been detected by the Java Runtime Environment:
#
#  EXCEPTION_ACCESS_VIOLATION (0xc0000005) at pc=0x00007ffbb981990c, pid=10868, tid=0x0000000000002004
#
# JRE version: Java(TM) SE Runtime Environment (8.0_441) (build 1.8.0_441-b07)
# Java VM: Java HotSpot(TM) 64-Bit Server VM (25.441-b07 mixed mode windows-amd64 compressed oops)
# Problematic frame:
# C  [ig11icd64.dll+0x5f990c]
#
# Failed to write core dump. Minidumps are not enabled by default on client versions of Windows
#
# If you would like to submit a bug report, please visit:
#   http://bugreport.java.com/bugreport/crash.jsp
#

---------------  T H R E A D  ---------------

Current thread (0x000001956b6f2000):  VMThread [stack: 0x0000006ed0400000,0x0000006ed0500000] [id=8196]

siginfo: ExceptionCode=0xc0000005, reading address 0x0000000000035788

Registers:
RAX=0x0000019572e6c510, RBX=0x0000019572e6c3c0, RCX=0x0000000000000000, RDX=0x000001956c3eb8a0
RSP=0x0000006ed04fe5a0, RBP=0x00000195755eec10, RSI=0x0000019572e6c990, RDI=0x000001956c55a150
R8 =0x0000000000000014, R9 =0x0000019572e6c4c8, R10=0x0000000000000000, R11=0x0000000000000246
R12=0x00000195729c7f00, R13=0x0000000000000000, R14=0x0000000000000000, R15=0x0000000000000000
RIP=0x00007ffbb981990c, EFLAGS=0x0000000000010202

Top of Stack: (sp=0x0000006ed04fe5a0)
0x0000006ed04fe5a0:   000001956c3fdc70 9ae1008c7ee10238
0x0000006ed04fe5b0:   0000006ed04fe5e8 0000005400000000
0x0000006ed04fe5c0:   000000000000000c 0000000000000000
0x0000006ed04fe5d0:   0000b80219b40000 00000195729c7fe0
0x0000006ed04fe5e0:   0000000000000000 00007ffbb97faaed
0x0000006ed04fe5f0:   000001956c3fdc70 000001956c55a150
0x0000006ed04fe600:   0000006ed04fe6f0 0000000000000054
0x0000006ed04fe610:   0000006e000021d8 79ef034d00000000
0x0000006ed04fe620:   0000000000000000 7df102d45cf100b6
0x0000006ed04fe630:   b4f20060fcf1005f 28f300db08f300fa
0x0000006ed04fe640:   64f302b140f30121 3df40228d5f30128
0x0000006ed04fe650:   ccf400eda3f40077 50f500b148f5013e
0x0000006ed04fe660:   12f7012a57f5010d daf7006fd3f7005e
0x0000006ed04fe670:   edf70191e8f701ad 21f90145eef7006a
0x0000006ed04fe680:   bbf9008c77f90055 28fa029eeaf90194
0x0000006ed04fe690:   2ffc010608fb02d3 7ffc01473afc0333 

Instructions: (pc=0x00007ffbb981990c)
0x00007ffbb98198ec:   8b c1 83 e0 0f 48 8d 04 c0 49 8d 04 c1 48 85 c0
0x00007ffbb98198fc:   74 0c 48 8b 48 08 eb 08 48 83 c0 08 eb ef 33 c9
0x00007ffbb981990c:   49 3b 8e 88 57 03 00 76 51 48 8b 87 78 02 00 00
0x00007ffbb981991c:   48 89 06 48 89 9f 78 02 00 00 ff 87 80 02 00 00 


Register to memory mapping:

RAX=0x0000019572e6c510 is an unknown value
RBX=0x0000019572e6c3c0 is an unknown value
RCX=0x0000000000000000 is an unknown value
RDX=0x000001956c3eb8a0 is an unknown value
RSP=0x0000006ed04fe5a0 is an unknown value
RBP=0x00000195755eec10 is an unknown value
RSI=0x0000019572e6c990 is an unknown value
RDI=0x000001956c55a150 is an unknown value
R8 =0x0000000000000014 is an unknown value
R9 =0x0000019572e6c4c8 is an unknown value
R10=0x0000000000000000 is an unknown value
R11=0x0000000000000246 is an unknown value
R12=0x00000195729c7f00 is an unknown value
R13=0x0000000000000000 is an unknown value
R14=0x0000000000000000 is an unknown value
R15=0x0000000000000000 is an unknown value


Stack: [0x0000006ed0400000,0x0000006ed0500000],  sp=0x0000006ed04fe5a0,  free space=1017k
Native frames: (J=compiled Java code, j=interpreted, Vv=VM code, C=native code)
C  [ig11icd64.dll+0x5f990c]
C  [ig11icd64.dll+0x5daaed]
C  [ig11icd64.dll+0x6d43cf]
C  [ig11icd64.dll+0x6391e8]
C  [ig11icd64.dll+0x6d0989]
C  [ig11icd64.dll+0x5d5b30]
C  [ig11icd64.dll+0x5d5979]
C  [ig11icd64.dll+0x585dfb]
C  [ntdll.dll+0x19a1d]
C  [ntdll.dll+0x5f1ca]
C  [ntdll.dll+0x5ef7d]
C  [KERNEL32.DLL+0x1e3eb]
C  [ucrtbase.dll+0x205bc]
C  [ucrtbase.dll+0x2045f]
V  [jvm.dll+0x218a15]
V  [jvm.dll+0x255d36]
V  [jvm.dll+0x256307]
V  [jvm.dll+0x254a0f]
V  [jvm.dll+0x2551b4]
V  [jvm.dll+0x255474]
V  [jvm.dll+0x2a595c]
C  [ucrtbase.dll+0x21bb2]
C  [KERNEL32.DLL+0x17374]
C  [ntdll.dll+0x4cc91]

VM_Operation (0x0000006ecfffeb70): Exit, mode: safepoint, requested by thread 0x0000019555131800


---------------  P R O C E S S  ---------------

Java Threads: ( => current thread )
  0x000001956b7b9800 JavaThread "Service Thread" daemon [_thread_blocked, id=12208, stack(0x0000006ed0c00000,0x0000006ed0d00000)]
  0x000001956b741800 JavaThread "C1 CompilerThread2" daemon [_thread_blocked, id=3336, stack(0x0000006ed0b00000,0x0000006ed0c00000)]
  0x000001956b73f000 JavaThread "C2 CompilerThread1" daemon [_thread_blocked, id=4200, stack(0x0000006ed0a00000,0x0000006ed0b00000)]
  0x000001956b733000 JavaThread "C2 CompilerThread0" daemon [_thread_blocked, id=3720, stack(0x0000006ed0900000,0x0000006ed0a00000)]
  0x000001956b730000 JavaThread "Attach Listener" daemon [_thread_blocked, id=8432, stack(0x0000006ed0800000,0x0000006ed0900000)]
  0x000001956b716000 JavaThread "Finalizer" daemon [_thread_blocked, id=6524, stack(0x0000006ed0600000,0x0000006ed0700000)]
  0x00000195553c4000 JavaThread "Reference Handler" daemon [_thread_blocked, id=6528, stack(0x0000006ed0500000,0x0000006ed0600000)]
  0x0000019555131800 JavaThread "main" [_thread_blocked, id=6052, stack(0x0000006ecff00000,0x0000006ed0000000)]

Other Threads:
=>0x000001956b6f2000 VMThread [stack: 0x0000006ed0400000,0x0000006ed0500000] [id=8196]

VM state:at safepoint (shutting down)

VM Mutex/Monitor currently owned by a thread:  ([mutex/lock_event])
[0x0000019555131480] Threads_lock - owner thread: 0x000001956b6f2000

heap address: 0x0000000083a00000, size: 1990 MB, Compressed Oops mode: 32-bit
Narrow klass base: 0x0000000000000000, Narrow klass shift: 3
Compressed class space size: 1073741824 Address: 0x0000000100000000

Heap:
 PSYoungGen      total 138752K, used 4976K [0x00000000d6900000, 0x00000000e7800000, 0x0000000100000000)
  eden space 130560K, 3% used [0x00000000d6900000,0x00000000d6d1c168,0x00000000de880000)
  from space 8192K, 9% used [0x00000000de880000,0x00000000de940010,0x00000000df080000)
  to   space 8192K, 0% used [0x00000000e7000000,0x00000000e7000000,0x00000000e7800000)
 ParOldGen       total 86016K, used 1933K [0x0000000083a00000, 0x0000000088e00000, 0x00000000d6900000)
  object space 86016K, 2% used [0x0000000083a00000,0x0000000083be36b8,0x0000000088e00000)
 Metaspace       used 5298K, capacity 5923K, committed 6016K, reserved 1056768K
  class space    used 509K, capacity 560K, committed 640K, reserved 1048576K

Card table byte_map: [0x0000019565f40000,0x0000019566330000] byte_map_base: 0x0000019565b23000

Marking Bits: (ParMarkBitMap*) 0x00007ffc0ab90200
 Begin Bits: [0x00000195665d0000, 0x00000195684e8000)
 End Bits:   [0x00000195684e8000, 0x000001956a400000)

Polling page: 0x0000019555270000

CodeCache: size=245760Kb used=2537Kb max_used=2537Kb free=243222Kb
 bounds [0x0000019556b80000, 0x0000019556e00000, 0x0000019565b80000]
 total_blobs=868 nmethods=478 adapters=303
 compilation: enabled

Compilation events (10 events):
Event: 1.601 Thread 0x000001956b741800  475       3       java.lang.AbstractStringBuilder::charAt (28 bytes)
Event: 1.601 Thread 0x000001956b741800 nmethod 475 0x0000019556df38d0 code [0x0000019556df3a40, 0x0000019556df3cb0]
Event: 1.601 Thread 0x000001956b741800  473       3       java.lang.StringBuilder::length (5 bytes)
Event: 1.601 Thread 0x000001956b741800 nmethod 473 0x0000019556df3510 code [0x0000019556df3660, 0x0000019556df37d8]
Event: 1.601 Thread 0x000001956b741800  474       3       java.lang.StringBuilder::charAt (6 bytes)
Event: 1.602 Thread 0x000001956b741800 nmethod 474 0x0000019556dfafd0 code [0x0000019556dfb140, 0x0000019556dfb430]
Event: 1.606 Thread 0x000001956b741800  477       3       java.nio.DirectByteBuffer::get (16 bytes)
Event: 1.606 Thread 0x000001956b741800 nmethod 477 0x0000019556dfb990 code [0x0000019556dfbb00, 0x0000019556dfbd78]
Event: 1.606 Thread 0x000001956b741800  478       3       sun.nio.cs.SingleByte$Encoder::encode (32 bytes)
Event: 1.606 Thread 0x000001956b741800 nmethod 478 0x0000019556dfbe90 code [0x0000019556dfc000, 0x0000019556dfc218]

GC Heap History (10 events):
Event: 0.970 GC heap before
{Heap before GC invocations=3 (full 0):
 PSYoungGen      total 37888K, used 36637K [0x00000000d6900000, 0x00000000db300000, 0x0000000100000000)
  eden space 32768K, 100% used [0x00000000d6900000,0x00000000d8900000,0x00000000d8900000)
  from space 5120K, 75% used [0x00000000d8e00000,0x00000000d91c7560,0x00000000d9300000)
  to   space 5120K, 0% used [0x00000000d8900000,0x00000000d8900000,0x00000000d8e00000)
 ParOldGen       total 86016K, used 16K [0x0000000083a00000, 0x0000000088e00000, 0x00000000d6900000)
  object space 86016K, 0% used [0x0000000083a00000,0x0000000083a04000,0x0000000088e00000)
 Metaspace       used 4321K, capacity 5563K, committed 5632K, reserved 1056768K
  class space    used 409K, capacity 456K, committed 512K, reserved 1048576K
Event: 0.974 GC heap after
Heap after GC invocations=3 (full 0):
 PSYoungGen      total 37888K, used 5099K [0x00000000d6900000, 0x00000000db300000, 0x0000000100000000)
  eden space 32768K, 0% used [0x00000000d6900000,0x00000000d6900000,0x00000000d8900000)
  from space 5120K, 99% used [0x00000000d8900000,0x00000000d8dfaf58,0x00000000d8e00000)
  to   space 5120K, 0% used [0x00000000dae00000,0x00000000dae00000,0x00000000db300000)
 ParOldGen       total 86016K, used 40K [0x0000000083a00000, 0x0000000088e00000, 0x00000000d6900000)
  object space 86016K, 0% used [0x0000000083a00000,0x0000000083a0a000,0x0000000088e00000)
 Metaspace       used 4321K, capacity 5563K, committed 5632K, reserved 1056768K
  class space    used 409K, capacity 456K, committed 512K, reserved 1048576K
}
Event: 0.993 GC heap before
{Heap before GC invocations=4 (full 0):
 PSYoungGen      total 37888K, used 37867K [0x00000000d6900000, 0x00000000db300000, 0x0000000100000000)
  eden space 32768K, 100% used [0x00000000d6900000,0x00000000d8900000,0x00000000d8900000)
  from space 5120K, 99% used [0x00000000d8900000,0x00000000d8dfaf58,0x00000000d8e00000)
  to   space 5120K, 0% used [0x00000000dae00000,0x00000000dae00000,0x00000000db300000)
 ParOldGen       total 86016K, used 40K [0x0000000083a00000, 0x0000000088e00000, 0x00000000d6900000)
  object space 86016K, 0% used [0x0000000083a00000,0x0000000083a0a000,0x0000000088e00000)
 Metaspace       used 4323K, capacity 5563K, committed 5632K, reserved 1056768K
  class space    used 409K, capacity 456K, committed 512K, reserved 1048576K
Event: 0.999 GC heap after
Heap after GC invocations=4 (full 0):
 PSYoungGen      total 70656K, used 5100K [0x00000000d6900000, 0x00000000db300000, 0x0000000100000000)
  eden space 65536K, 0% used [0x00000000d6900000,0x00000000d6900000,0x00000000da900000)
  from space 5120K, 99% used [0x00000000dae00000,0x00000000db2fb118,0x00000000db300000)
  to   space 5120K, 0% used [0x00000000da900000,0x00000000da900000,0x00000000dae00000)
 ParOldGen       total 86016K, used 1264K [0x0000000083a00000, 0x0000000088e00000, 0x00000000d6900000)
  object space 86016K, 1% used [0x0000000083a00000,0x0000000083b3c000,0x0000000088e00000)
 Metaspace       used 4323K, capacity 5563K, committed 5632K, reserved 1056768K
  class space    used 409K, capacity 456K, committed 512K, reserved 1048576K
}
Event: 1.137 GC heap before
{Heap before GC invocations=5 (full 0):
 PSYoungGen      total 70656K, used 70636K [0x00000000d6900000, 0x00000000db300000, 0x0000000100000000)
  eden space 65536K, 100% used [0x00000000d6900000,0x00000000da900000,0x00000000da900000)
  from space 5120K, 99% used [0x00000000dae00000,0x00000000db2fb118,0x00000000db300000)
  to   space 5120K, 0% used [0x00000000da900000,0x00000000da900000,0x00000000dae00000)
 ParOldGen       total 86016K, used 1264K [0x0000000083a00000, 0x0000000088e00000, 0x00000000d6900000)
  object space 86016K, 1% used [0x0000000083a00000,0x0000000083b3c000,0x0000000088e00000)
 Metaspace       used 4441K, capacity 5627K, committed 5888K, reserved 1056768K
  class space    used 413K, capacity 456K, committed 512K, reserved 1048576K
Event: 1.141 GC heap after
Heap after GC invocations=5 (full 0):
 PSYoungGen      total 70656K, used 2117K [0x00000000d6900000, 0x00000000df800000, 0x0000000100000000)
  eden space 65536K, 0% used [0x00000000d6900000,0x00000000d6900000,0x00000000da900000)
  from space 5120K, 41% used [0x00000000da900000,0x00000000dab115c8,0x00000000dae00000)
  to   space 7680K, 0% used [0x00000000df080000,0x00000000df080000,0x00000000df800000)
 ParOldGen       total 86016K, used 1272K [0x0000000083a00000, 0x0000000088e00000, 0x00000000d6900000)
  object space 86016K, 1% used [0x0000000083a00000,0x0000000083b3e000,0x0000000088e00000)
 Metaspace       used 4441K, capacity 5627K, committed 5888K, reserved 1056768K
  class space    used 413K, capacity 456K, committed 512K, reserved 1048576K
}
Event: 1.216 GC heap before
{Heap before GC invocations=6 (full 0):
 PSYoungGen      total 70656K, used 67653K [0x00000000d6900000, 0x00000000df800000, 0x0000000100000000)
  eden space 65536K, 100% used [0x00000000d6900000,0x00000000da900000,0x00000000da900000)
  from space 5120K, 41% used [0x00000000da900000,0x00000000dab115c8,0x00000000dae00000)
  to   space 7680K, 0% used [0x00000000df080000,0x00000000df080000,0x00000000df800000)
 ParOldGen       total 86016K, used 1272K [0x0000000083a00000, 0x0000000088e00000, 0x00000000d6900000)
  object space 86016K, 1% used [0x0000000083a00000,0x0000000083b3e000,0x0000000088e00000)
 Metaspace       used 4441K, capacity 5627K, committed 5888K, reserved 1056768K
  class space    used 413K, capacity 456K, committed 512K, reserved 1048576K
Event: 1.222 GC heap after
Heap after GC invocations=6 (full 0):
 PSYoungGen      total 138240K, used 5682K [0x00000000d6900000, 0x00000000df900000, 0x0000000100000000)
  eden space 130560K, 0% used [0x00000000d6900000,0x00000000d6900000,0x00000000de880000)
  from space 7680K, 73% used [0x00000000df080000,0x00000000df60c940,0x00000000df800000)
  to   space 8192K, 0% used [0x00000000de880000,0x00000000de880000,0x00000000df080000)
 ParOldGen       total 86016K, used 1280K [0x0000000083a00000, 0x0000000088e00000, 0x00000000d6900000)
  object space 86016K, 1% used [0x0000000083a00000,0x0000000083b40000,0x0000000088e00000)
 Metaspace       used 4441K, capacity 5627K, committed 5888K, reserved 1056768K
  class space    used 413K, capacity 456K, committed 512K, reserved 1048576K
}
Event: 1.573 GC heap before
{Heap before GC invocations=7 (full 0):
 PSYoungGen      total 138240K, used 136242K [0x00000000d6900000, 0x00000000df900000, 0x0000000100000000)
  eden space 130560K, 100% used [0x00000000d6900000,0x00000000de880000,0x00000000de880000)
  from space 7680K, 73% used [0x00000000df080000,0x00000000df60c940,0x00000000df800000)
  to   space 8192K, 0% used [0x00000000de880000,0x00000000de880000,0x00000000df080000)
 ParOldGen       total 86016K, used 1280K [0x0000000083a00000, 0x0000000088e00000, 0x00000000d6900000)
  object space 86016K, 1% used [0x0000000083a00000,0x0000000083b40000,0x0000000088e00000)
 Metaspace       used 5259K, capacity 5827K, committed 6016K, reserved 1056768K
  class space    used 504K, capacity 528K, committed 640K, reserved 1048576K
Event: 1.575 GC heap after
Heap after GC invocations=7 (full 0):
 PSYoungGen      total 138752K, used 768K [0x00000000d6900000, 0x00000000e7800000, 0x0000000100000000)
  eden space 130560K, 0% used [0x00000000d6900000,0x00000000d6900000,0x00000000de880000)
  from space 8192K, 9% used [0x00000000de880000,0x00000000de940010,0x00000000df080000)
  to   space 8192K, 0% used [0x00000000e7000000,0x00000000e7000000,0x00000000e7800000)
 ParOldGen       total 86016K, used 1933K [0x0000000083a00000, 0x0000000088e00000, 0x00000000d6900000)
  object space 86016K, 2% used [0x0000000083a00000,0x0000000083be36b8,0x0000000088e00000)
 Metaspace       used 5259K, capacity 5827K, committed 6016K, reserved 1056768K
  class space    used 504K, capacity 528K, committed 640K, reserved 1048576K
}

Deoptimization events (10 events):
Event: 1.021 Thread 0x0000019555131800 Uncommon trap: reason=unstable_if action=reinterpret pc=0x0000019556d29eac method=java.io.BufferedReader.readLine(Z)Ljava/lang/String; @ 55
Event: 1.021 Thread 0x0000019555131800 Uncommon trap: reason=unstable_if action=reinterpret pc=0x0000019556d83a18 method=org.renderEngine.OBJLoader.loadObjModel(Ljava/lang/String;Lorg/renderEngine/Loader;)Lorg/models/RawModel; @ 431
Event: 1.025 Thread 0x0000019555131800 Uncommon trap: reason=unstable_if action=reinterpret pc=0x0000019556d75b5c method=java.util.ArrayList$Itr.hasNext()Z @ 11
Event: 1.062 Thread 0x0000019555131800 Uncommon trap: reason=unstable_if action=reinterpret pc=0x0000019556d3aafc method=sun.misc.FloatingDecimal$ASCIIToBinaryBuffer.floatValue()F @ 65
Event: 1.388 Thread 0x0000019555131800 Uncommon trap: reason=unstable_if action=reinterpret pc=0x0000019556db359c method=java.lang.String.indexOf([CII[CIII)I @ 123
Event: 1.389 Thread 0x0000019555131800 Uncommon trap: reason=unstable_if action=reinterpret pc=0x0000019556db0a8c method=java.io.BufferedReader.readLine(Z)Ljava/lang/String; @ 160
Event: 1.389 Thread 0x0000019555131800 Uncommon trap: reason=unstable_if action=reinterpret pc=0x0000019556d3b4fc method=java.util.Arrays.copyOf([Ljava/lang/Object;ILjava/lang/Class;)[Ljava/lang/Object; @ 3
Event: 1.389 Thread 0x0000019555131800 Uncommon trap: reason=unstable_if action=reinterpret pc=0x0000019556dadcc4 method=java.io.BufferedReader.readLine(Z)Ljava/lang/String; @ 160
Event: 1.599 Thread 0x0000019555131800 Uncommon trap: reason=unstable_if action=reinterpret pc=0x0000019556df90f0 method=java.lang.String.<init>([CII)V @ 18
Event: 1.599 Thread 0x0000019555131800 Uncommon trap: reason=unstable_if action=reinterpret pc=0x0000019556d080dc method=java.lang.String.<init>([CII)V @ 18

Classes redefined (0 events):
No events

Internal exceptions (4 events):
Event: 0.026 Thread 0x0000019555131800 Exception <a 'java/lang/NoSuchMethodError': Method sun.misc.Unsafe.defineClass(Ljava/lang/String;[BII)Ljava/lang/Class; name or signature does not match> (0x00000000d6907ce8) thrown at [C:\jenkins\workspace\8-2-build-windows-x64-cygwin-sans-NAS\jdk8u441\1
Event: 0.026 Thread 0x0000019555131800 Exception <a 'java/lang/NoSuchMethodError': Method sun.misc.Unsafe.prefetchRead(Ljava/lang/Object;J)V name or signature does not match> (0x00000000d6907fd0) thrown at [C:\jenkins\workspace\8-2-build-windows-x64-cygwin-sans-NAS\jdk8u441\1521\hotspot\src\sh
Event: 1.392 Thread 0x0000019555131800 Exception <a 'java/security/PrivilegedActionException'> (0x00000000de6abcf8) thrown at [C:\jenkins\workspace\8-2-build-windows-x64-cygwin-sans-NAS\jdk8u441\1521\hotspot\src\share\vm\prims\jvm.cpp, line 1513]
Event: 1.392 Thread 0x0000019555131800 Exception <a 'java/security/PrivilegedActionException'> (0x00000000de6ac0f0) thrown at [C:\jenkins\workspace\8-2-build-windows-x64-cygwin-sans-NAS\jdk8u441\1521\hotspot\src\share\vm\prims\jvm.cpp, line 1513]

Events (10 events):
Event: 1.606 loading class java/util/IdentityHashMap$KeySet
Event: 1.606 loading class java/util/IdentityHashMap$KeySet done
Event: 1.606 loading class java/util/IdentityHashMap$KeyIterator
Event: 1.606 loading class java/util/IdentityHashMap$IdentityHashMapIterator
Event: 1.606 loading class java/util/IdentityHashMap$IdentityHashMapIterator done
Event: 1.606 loading class java/util/IdentityHashMap$KeyIterator done
Event: 1.606 Thread 0x000001957557e800 Thread added: 0x000001957557e800
Event: 1.622 Thread 0x000001957557e800 Thread exited: 0x000001957557e800
Event: 1.622 Thread 0x000001956b72f000 Thread exited: 0x000001956b72f000
Event: 1.622 Executing VM operation: Exit


Dynamic libraries:
0x00007ff704630000 - 0x00007ff70467f000 	C:\Program Files\Java\jre1.8.0_441\bin\javaw.exe
0x00007ffc45290000 - 0x00007ffc45488000 	C:\Windows\SYSTEM32\ntdll.dll
0x00007ffc43720000 - 0x00007ffc437e2000 	C:\Windows\System32\KERNEL32.DLL
0x00007ffc42b10000 - 0x00007ffc42e06000 	C:\Windows\System32\KERNELBASE.dll
0x00007ffc44fc0000 - 0x00007ffc45071000 	C:\Windows\System32\ADVAPI32.dll
0x00007ffc449b0000 - 0x00007ffc44a4e000 	C:\Windows\System32\msvcrt.dll
0x00007ffc43a10000 - 0x00007ffc43aaf000 	C:\Windows\System32\sechost.dll
0x00007ffc43850000 - 0x00007ffc43973000 	C:\Windows\System32\RPCRT4.dll
0x00007ffc429b0000 - 0x00007ffc429d7000 	C:\Windows\System32\bcrypt.dll
0x00007ffc45080000 - 0x00007ffc4521d000 	C:\Windows\System32\USER32.dll
0x00007ffc42ef0000 - 0x00007ffc42f12000 	C:\Windows\System32\win32u.dll
0x00007ffc45220000 - 0x00007ffc4524b000 	C:\Windows\System32\GDI32.dll
0x00007ffc43180000 - 0x00007ffc4329a000 	C:\Windows\System32\gdi32full.dll
0x00007ffc42910000 - 0x00007ffc429ad000 	C:\Windows\System32\msvcp_win.dll
0x00007ffc42f20000 - 0x00007ffc43020000 	C:\Windows\System32\ucrtbase.dll
0x00007ffc26450000 - 0x00007ffc266ea000 	C:\Windows\WinSxS\amd64_microsoft.windows.common-controls_6595b64144ccf1df_6.0.19041.4355_none_60b8b9eb71f62e16\COMCTL32.dll
0x00007ffc44f90000 - 0x00007ffc44fbf000 	C:\Windows\System32\IMM32.DLL
0x00007ffc38180000 - 0x00007ffc3819b000 	C:\Program Files\Java\jre1.8.0_441\bin\vcruntime140.dll
0x00007ffc38170000 - 0x00007ffc3817c000 	C:\Program Files\Java\jre1.8.0_441\bin\vcruntime140_1.dll
0x00007ffc31430000 - 0x00007ffc314be000 	C:\Program Files\Java\jre1.8.0_441\bin\msvcp140.dll
0x00007ffc0a360000 - 0x00007ffc0ac0a000 	C:\Program Files\Java\jre1.8.0_441\bin\server\jvm.dll
0x00007ffc44f80000 - 0x00007ffc44f88000 	C:\Windows\System32\PSAPI.DLL
0x00007ffc3d430000 - 0x00007ffc3d439000 	C:\Windows\SYSTEM32\WSOCK32.dll
0x00007ffc3b7d0000 - 0x00007ffc3b7da000 	C:\Windows\SYSTEM32\VERSION.dll
0x00007ffc237f0000 - 0x00007ffc23817000 	C:\Windows\SYSTEM32\WINMM.dll
0x00007ffc43df0000 - 0x00007ffc43e5b000 	C:\Windows\System32\WS2_32.dll
0x00007ffc41130000 - 0x00007ffc41142000 	C:\Windows\SYSTEM32\kernel.appcore.dll
0x00007ffc3d420000 - 0x00007ffc3d430000 	C:\Program Files\Java\jre1.8.0_441\bin\verify.dll
0x00007ffc38570000 - 0x00007ffc3859b000 	C:\Program Files\Java\jre1.8.0_441\bin\java.dll
0x00007ffc3c2e0000 - 0x00007ffc3c2f8000 	C:\Program Files\Java\jre1.8.0_441\bin\zip.dll
0x00007ffc44240000 - 0x00007ffc449af000 	C:\Windows\System32\SHELL32.dll
0x00007ffc40970000 - 0x00007ffc41113000 	C:\Windows\SYSTEM32\windows.storage.dll
0x00007ffc44af0000 - 0x00007ffc44e45000 	C:\Windows\System32\combase.dll
0x00007ffc42270000 - 0x00007ffc4229b000 	C:\Windows\SYSTEM32\Wldp.dll
0x00007ffc43e60000 - 0x00007ffc43f2d000 	C:\Windows\System32\OLEAUT32.dll
0x00007ffc43ab0000 - 0x00007ffc43b5d000 	C:\Windows\System32\SHCORE.dll
0x00007ffc441e0000 - 0x00007ffc44235000 	C:\Windows\System32\shlwapi.dll
0x00007ffc42840000 - 0x00007ffc42865000 	C:\Windows\SYSTEM32\profapi.dll
0x0000000180000000 - 0x0000000180053000 	C:\3DEngine\engine\3DEngine\lib\native\lwjgl64.dll
0x00007ffc18f10000 - 0x00007ffc19038000 	C:\Windows\SYSTEM32\OPENGL32.dll
0x00007ffc1e0e0000 - 0x00007ffc1e10c000 	C:\Windows\SYSTEM32\GLU32.dll
0x00007ffc3d050000 - 0x00007ffc3d0fe000 	C:\Windows\SYSTEM32\mscms.dll
0x00007ffc3cfe0000 - 0x00007ffc3cff1000 	C:\Windows\SYSTEM32\ColorAdapterClient.dll
0x00007ffc42800000 - 0x00007ffc4282e000 	C:\Windows\SYSTEM32\USERENV.dll
0x00007ffc42e60000 - 0x00007ffc42ee2000 	C:\Windows\System32\bcryptPrimitives.dll
0x00007ffc44050000 - 0x00007ffc440f9000 	C:\Windows\System32\clbcatq.dll
0x00007ffc39130000 - 0x00007ffc39173000 	C:\Windows\System32\Windows.Internal.Graphics.Display.DisplayColorManagement.dll
0x00007ffc42e10000 - 0x00007ffc42e5e000 	C:\Windows\System32\cfgmgr32.dll
0x00007ffc3fec0000 - 0x00007ffc3ff5e000 	C:\Windows\system32\uxtheme.dll
0x00007ffc43f30000 - 0x00007ffc44045000 	C:\Windows\System32\MSCTF.dll
0x00007ffc3af60000 - 0x00007ffc3b064000 	C:\Windows\System32\AppXDeploymentClient.dll
0x00007ffbb9220000 - 0x00007ffbba33a000 	C:\Windows\System32\DriverStore\FileRepository\iigd_dch.inf_amd64_7ecf8d2b2b8c53e8\ig11icd64.dll
0x00007ffc44e50000 - 0x00007ffc44f7b000 	C:\Windows\System32\ole32.dll
0x00007ffc400d0000 - 0x00007ffc400ff000 	C:\Windows\system32\dwmapi.dll
0x00007ffc411a0000 - 0x00007ffc41296000 	C:\Windows\system32\dxgi.dll
0x00007ffc18870000 - 0x00007ffc1899c000 	C:\Windows\System32\DriverStore\FileRepository\iigd_dch.inf_amd64_7ecf8d2b2b8c53e8\igdml64.dll
0x00007ffc372a0000 - 0x00007ffc376a9000 	C:\Windows\System32\DriverStore\FileRepository\iigd_dch.inf_amd64_7ecf8d2b2b8c53e8\igdgmm64.dll
0x00007ffc30be0000 - 0x00007ffc30cd9000 	C:\Windows\SYSTEM32\textinputframework.dll
0x00007ffc3e3f0000 - 0x00007ffc3e74b000 	C:\Windows\System32\CoreUIComponents.dll
0x00007ffc3ead0000 - 0x00007ffc3ebc2000 	C:\Windows\System32\CoreMessaging.dll
0x00007ffc41b40000 - 0x00007ffc41b73000 	C:\Windows\SYSTEM32\ntmarta.dll
0x00007ffc3f090000 - 0x00007ffc3f1e7000 	C:\Windows\SYSTEM32\wintypes.dll
0x00007ffc31380000 - 0x00007ffc313c5000 	C:\Windows\SYSTEM32\icm32.dll
0x00007ffc338d0000 - 0x00007ffc37066000 	C:\Windows\System32\DriverStore\FileRepository\iigd_dch.inf_amd64_7ecf8d2b2b8c53e8\igc64.dll
0x00007ffc42770000 - 0x00007ffc427bb000 	C:\Windows\SYSTEM32\powrprof.dll
0x00007ffc42750000 - 0x00007ffc42762000 	C:\Windows\SYSTEM32\UMPDC.dll
0x00007ffc1fe20000 - 0x00007ffc1ff9e000 	C:\Program Files\Java\jre1.8.0_441\bin\awt.dll
0x00007ffc3ed00000 - 0x00007ffc3ed94000 	C:\Windows\SYSTEM32\apphelp.dll
0x00007ffc40670000 - 0x00007ffc40854000 	C:\Windows\SYSTEM32\dbghelp.dll

VM Arguments:
jvm_args: -Djava.library.path=C:\3DEngine\engine\3DEngine\lib\native -Dfile.encoding=Cp1252 
java_command: org.engineTester.MainGameLoop
java_class_path (initial): C:\3DEngine\engine\3DEngine\bin;C:\3DEngine\engine\3DEngine\lib\jars\jinput.jar;C:\3DEngine\engine\3DEngine\lib\jars\lwjgl_util.jar;C:\3DEngine\engine\3DEngine\lib\jars\lwjgl.jar;C:\3DEngine\engine\3DEngine\lib\jars\slick-util.jar
Launcher Type: SUN_STANDARD

Environment Variables:
PATH=C:/Program Files/Java/jre1.8.0_441/bin/server;C:/Program Files/Java/jre1.8.0_441/bin;C:/Program Files/Java/jre1.8.0_441/lib/amd64;C:\Program Files\Common Files\Oracle\Java\javapath;C:\Program Files (x86)\Common Files\Oracle\Java\java8path;C:\Program Files (x86)\Common Files\Oracle\Java\javapath;C:\Windows\system32;C:\Windows;C:\Windows\System32\Wbem;C:\Windows\System32\WindowsPowerShell\v1.0\;C:\Windows\System32\OpenSSH\;C:\Program Files\dotnet\;C:\Users\DELL\AppData\Local\Microsoft\WindowsApps;C:\Users\DELL\AppData\Local\Programs\Microsoft VS Code\bin;C:\3DEngine\eclipse;
USERNAME=DELL
OS=Windows_NT
PROCESSOR_IDENTIFIER=Intel64 Family 6 Model 126 Stepping 5, GenuineIntel



---------------  S Y S T E M  ---------------

OS: Windows 10 , 64 bit Build 19041 (10.0.19041.5678)

CPU:total 4 (initial active 4) (2 cores per cpu, 2 threads per core) family 6 model 126 stepping 5, cmov, cx8, fxsr, mmx, sse, sse2, sse3, ssse3, sse4.1, sse4.2, popcnt, avx, avx2, aes, clmul, erms, 3dnowpref, lzcnt, ht, tsc, tscinvbit, bmi1, bmi2, adx

Memory: 4k page, physical 8150356k(889908k free), swap 10116436k(1849596k free)

vm_info: Java HotSpot(TM) 64-Bit Server VM (25.441-b07) for windows-amd64 JRE (1.8.0_441-b07), built on Dec  4 2024 08:12:36 by "java_re" with MS VC++ 17.6 (VS2022)

time: Sun Apr  6 12:41:00 2025
timezone: Hora est. Pacífico, Sudamérica
elapsed time: 1.686712 seconds (0d 0h 0m 1s)

